<?xml version="1.0" encoding="UTF-8" ?>

<testsuite failures="0" time="0.014" errors="0" skipped="0" tests="1" name="FollowshipTest">
  <testcase classname="FollowshipTest" name="testCreateAndDeleteFollowship" time="0.014">
      </testcase>
</testsuite>
