<?xml version="1.0" encoding="UTF-8" ?>

<testsuite failures="0" time="0.023" errors="0" skipped="0" tests="1" name="SubCommentTest">
  <testcase classname="SubCommentTest" name="testCreateAndDeleteSubComment" time="0.023">
      </testcase>
</testsuite>
