<?xml version="1.0" encoding="UTF-8" ?>

<testsuite failures="0" time="0.027" errors="0" skipped="0" tests="2" name="PageTest">
  <testcase classname="PageTest" name="testUpdatePage" time="0.011">
      </testcase>
  <testcase classname="PageTest" name="testCreateAndDeletePage" time="0.016">
      </testcase>
</testsuite>
