<?xml version="1.0" encoding="UTF-8" ?>

<testsuite failures="0" time="0.28" errors="0" skipped="0" tests="3" name="BlogTest">
  <testcase classname="BlogTest" name="testUpdateBlog" time="0.222">
      </testcase>
  <testcase classname="BlogTest" name="testCreateAndDeleteBlogWithPostAndPage" time="0.046">
      </testcase>
  <testcase classname="BlogTest" name="testCreateAndDeleteBlog" time="0.012">
      </testcase>
</testsuite>
