<?xml version="1.0" encoding="UTF-8" ?>

<testsuite failures="0" time="0.015" errors="0" skipped="0" tests="1" name="UpdateTest">
  <testcase classname="UpdateTest" name="testCreateUpdate" time="0.015">
      </testcase>
</testsuite>
