<?xml version="1.0" encoding="UTF-8" ?>

<testsuite failures="0" time="0.023" errors="0" skipped="0" tests="3" name="PostTest">
  <testcase classname="PostTest" name="testCreatePost" time="0.011">
      </testcase>
  <testcase classname="PostTest" name="testUpdatePost" time="0.006">
      </testcase>
  <testcase classname="PostTest" name="testDeletePost" time="0.006">
      </testcase>
</testsuite>
