<?xml version="1.0" encoding="UTF-8" ?>

<testsuite failures="0" time="0.019" errors="0" skipped="0" tests="2" name="BlogTest">
  <testcase classname="BlogTest" name="testCreateAndDeleteBlog" time="0.009">
      </testcase>
  <testcase classname="BlogTest" name="testBlogThatHasPosts" time="0.01">
      </testcase>
</testsuite>
