<?xml version="1.0" encoding="UTF-8" ?>

<testsuite failures="0" time="0.044" errors="0" skipped="0" tests="3" name="BlogTest">
  <testcase classname="BlogTest" name="testUpdateBlog" time="0.009">
      </testcase>
  <testcase classname="BlogTest" name="testCreateAndDeleteBlog" time="0.013">
      </testcase>
  <testcase classname="BlogTest" name="testCreateAndDeleteBlogThatHasPosts" time="0.022">
      </testcase>
</testsuite>
